<?xml version="1.0" encoding="UTF-8"?>
<testng-results ignored="0" total="1" passed="1" failed="0" skipped="0">
  <reporter-output>
  </reporter-output>
  <suite started-at="2026-03-23T14:50:15 IST" name="Default suite" finished-at="2026-03-23T14:50:23 IST" duration-ms="8474">
    <groups>
    </groups>
    <test started-at="2026-03-23T14:50:15 IST" name="Default test" finished-at="2026-03-23T14:50:23 IST" duration-ms="8474">
      <class name="tests.LoginTest">
        <test-method is-config="true" signature="setUp()[pri:0, instance:tests.LoginTest@3270d194]" started-at="2026-03-23T14:50:15 IST" name="setUp" finished-at="2026-03-23T14:50:19 IST" duration-ms="3485" status="PASS">
          <reporter-output>
          </reporter-output>
        </test-method> <!-- setUp -->
        <test-method signature="testLogin()[pri:0, instance:tests.LoginTest@3270d194]" started-at="2026-03-23T14:50:19 IST" name="testLogin" finished-at="2026-03-23T14:50:23 IST" duration-ms="4730" status="PASS">
          <reporter-output>
          </reporter-output>
        </test-method> <!-- testLogin -->
        <test-method is-config="true" signature="tearDown()[pri:0, instance:tests.LoginTest@3270d194]" started-at="2026-03-23T14:50:23 IST" name="tearDown" finished-at="2026-03-23T14:50:23 IST" duration-ms="226" status="PASS">
          <reporter-output>
          </reporter-output>
        </test-method> <!-- tearDown -->
      </class> <!-- tests.LoginTest -->
    </test> <!-- Default test -->
  </suite> <!-- Default suite -->
</testng-results>
